<?xml version="1.0" encoding="UTF-8"?>
<!-- Generated by org.testng.reporters.JUnitReportReporter -->
<testsuite hostname="Mypc" name="keyword.driverscript" tests="1" failures="0" timestamp="9 Mar 2016 01:45:37 GMT" time="93.283" errors="0">
  <testcase name="driver" time="93.283" classname="keyword.driverscript"/>
</testsuite> <!-- keyword.driverscript -->
