<?xml version="1.0" encoding="UTF-8"?>
<!-- Generated by org.testng.reporters.JUnitReportReporter -->
<testsuite hostname="Mypc" name="day19.excelops" tests="1" failures="0" timestamp="29 Feb 2016 05:00:25 GMT" time="3.384" errors="0">
  <testcase name="excel" time="3.384" classname="day19.excelops"/>
</testsuite> <!-- day19.excelops -->
