<?xml version="1.0" encoding="UTF-8"?>
<!-- Generated by org.testng.reporters.JUnitReportReporter -->
<testsuite hostname="Mypc" name="day21.grid" tests="2" failures="0" timestamp="2 Mar 2016 05:01:28 GMT" time="46.174" errors="0">
  <testcase name="launch" time="23.772" classname="day21.grid"/>
  <testcase name="launch" time="22.402" classname="day21.grid"/>
</testsuite> <!-- day21.grid -->
