<?xml version="1.0" encoding="UTF-8"?>
<!-- Generated by org.testng.reporters.JUnitReportReporter -->
<testsuite hostname="Mypc" name="day19.datadrivenframework" tests="1" failures="0" timestamp="29 Feb 2016 05:02:36 GMT" time="121.756" errors="0">
  <testcase name="empreg" time="121.756" classname="day19.datadrivenframework"/>
</testsuite> <!-- day19.datadrivenframework -->
