<?xml version="1.0" encoding="UTF-8"?>
<!-- Generated by org.testng.reporters.JUnitReportReporter -->
<testsuite hostname="Mypc" name="day20.driverScript" tests="1" failures="0" timestamp="1 Mar 2016 05:22:20 GMT" time="67.863" errors="0">
  <testcase name="keyword" time="67.863" classname="day20.driverScript"/>
</testsuite> <!-- day20.driverScript -->
