<?xml version="1.0" encoding="UTF-8"?>
<!-- Generated by org.testng.reporters.JUnitReportReporter -->
<testsuite hostname="Mypc" name="Day16.Testngannotations" tests="1" failures="0" timestamp="24 Feb 2016 04:34:30 GMT" time="0.046" errors="0">
  <testcase name="amp" time="0.046" classname="Day16.Testngannotations"/>
</testsuite> <!-- Day16.Testngannotations -->
