<?xml version="1.0" encoding="UTF-8"?>
<!-- Generated by org.testng.reporters.JUnitReportReporter -->
<testsuite hostname="Mypc" name="pom.webdriverwait" tests="1" failures="0" timestamp="3 Mar 2016 05:02:34 GMT" time="15.002" errors="0">
  <testcase name="fluentwait" time="15.002" classname="pom.webdriverwait"/>
</testsuite> <!-- pom.webdriverwait -->
